This is pdfTeX, Version 3.141592653-2.6-1.40.25 (TeX Live 2023/Homebrew) (preloaded format=pdflatex 2023.6.22)  31 AUG 2023 22:57
entering extended mode
 restricted \write18 enabled.
 file:line:error style messages enabled.
 %&-line parsing enabled.
**/Users/bose/Documents/Code/UIUC/cs361-prob-stats-cs/homework/hwk01/hwk01.tex
(/Users/bose/Documents/Code/UIUC/cs361-prob-stats-cs/homework/hwk01/hwk01.tex
LaTeX2e <2022-11-01> patch level 1
L3 programming layer <2023-02-22> (/opt/homebrew/Cellar/texlive/20230313_2/share/texmf-dist/tex/latex/base/report.cls
Document Class: report 2022/07/02 v1.4n Standard LaTeX document class
(/opt/homebrew/Cellar/texlive/20230313_2/share/texmf-dist/tex/latex/base/size10.clo
File: size10.clo 2022/07/02 v1.4n Standard LaTeX file (size option)
)
\c@part=\count185
\c@chapter=\count186
\c@section=\count187
\c@subsection=\count188
\c@subsubsection=\count189
\c@paragraph=\count190
\c@subparagraph=\count191
\c@figure=\count192
\c@table=\count193
\abovecaptionskip=\skip48
\belowcaptionskip=\skip49
\bibindent=\dimen140
) (/opt/homebrew/Cellar/texlive/20230313_2/share/texmf-dist/tex/latex/pdfpages/pdfpages.sty
Package: pdfpages 2022/12/19 v0.5x Insert pages of external PDF documents (AM)
 (/opt/homebrew/Cellar/texlive/20230313_2/share/texmf-dist/tex/latex/base/ifthen.sty
Package: ifthen 2022/04/13 v1.1d Standard LaTeX ifthen package (DPC)
) (/opt/homebrew/Cellar/texlive/20230313_2/share/texmf-dist/tex/latex/tools/calc.sty
Package: calc 2017/05/25 v4.3 Infix arithmetic (KKT,FJ)
\calc@Acount=\count194
\calc@Bcount=\count195
\calc@Adimen=\dimen141
\calc@Bdimen=\dimen142
\calc@Askip=\skip50
\calc@Bskip=\skip51
LaTeX Info: Redefining \setlength on input line 80.
LaTeX Info: Redefining \addtolength on input line 81.
\calc@Ccount=\count196
\calc@Cskip=\skip52
) (/opt/homebrew/Cellar/texlive/20230313_2/share/texmf-dist/tex/latex/eso-pic/eso-pic.sty
Package: eso-pic 2020/10/14 v3.0a eso-pic (RN)
\ESO@tempdima=\dimen143
\ESO@tempdimb=\dimen144
 (/opt/homebrew/Cellar/texlive/20230313_2/share/texmf-dist/tex/latex/graphics/keyval.sty
Package: keyval 2022/05/29 v1.15 key=value parser (DPC)
\KV@toks@=\toks16
) (/opt/homebrew/Cellar/texlive/20230313_2/share/texmf-dist/tex/latex/xcolor/xcolor.sty
Package: xcolor 2022/06/12 v2.14 LaTeX color extensions (UK)
 (/opt/homebrew/Cellar/texlive/20230313_2/share/texmf-dist/tex/latex/graphics-cfg/color.cfg
File: color.cfg 2016/01/02 v1.6 sample color configuration
)
Package xcolor Info: Driver file: pdftex.def on input line 227.
 (/opt/homebrew/Cellar/texlive/20230313_2/share/texmf-dist/tex/latex/graphics-def/pdftex.def
File: pdftex.def 2022/09/22 v1.2b Graphics/color driver for pdftex
) (/opt/homebrew/Cellar/texlive/20230313_2/share/texmf-dist/tex/latex/graphics/mathcolor.ltx)
Package xcolor Info: Model `cmy' substituted by `cmy0' on input line 1353.
Package xcolor Info: Model `hsb' substituted by `rgb' on input line 1357.
Package xcolor Info: Model `RGB' extended on input line 1369.
Package xcolor Info: Model `HTML' substituted by `rgb' on input line 1371.
Package xcolor Info: Model `Hsb' substituted by `hsb' on input line 1372.
Package xcolor Info: Model `tHsb' substituted by `hsb' on input line 1373.
Package xcolor Info: Model `HSB' substituted by `hsb' on input line 1374.
Package xcolor Info: Model `Gray' substituted by `gray' on input line 1375.
Package xcolor Info: Model `wave' substituted by `hsb' on input line 1376.
)) (/opt/homebrew/Cellar/texlive/20230313_2/share/texmf-dist/tex/latex/graphics/graphicx.sty
Package: graphicx 2021/09/16 v1.2d Enhanced LaTeX Graphics (DPC,SPQR)
 (/opt/homebrew/Cellar/texlive/20230313_2/share/texmf-dist/tex/latex/graphics/graphics.sty
Package: graphics 2022/03/10 v1.4e Standard LaTeX Graphics (DPC,SPQR)
 (/opt/homebrew/Cellar/texlive/20230313_2/share/texmf-dist/tex/latex/graphics/trig.sty
Package: trig 2021/08/11 v1.11 sin cos tan (DPC)
) (/opt/homebrew/Cellar/texlive/20230313_2/share/texmf-dist/tex/latex/graphics-cfg/graphics.cfg
File: graphics.cfg 2016/06/04 v1.11 sample graphics configuration
)
Package graphics Info: Driver file: pdftex.def on input line 107.
)
\Gin@req@height=\dimen145
\Gin@req@width=\dimen146
)
\AM@pagewidth=\dimen147
\AM@pageheight=\dimen148
\AM@fboxrule=\dimen149
 (/opt/homebrew/Cellar/texlive/20230313_2/share/texmf-dist/tex/latex/pdfpages/pppdftex.def
File: pppdftex.def 2022/12/19 v0.5x Pdfpages driver for pdfTeX (AM)
)
\pdfpages@includegraphics@status=\count197
\AM@pagebox=\box51
\AM@global@opts=\toks17
\AM@pagecnt=\count198
\AM@toc@title=\toks18
\AM@lof@heading=\toks19
\c@AM@survey=\count199
\AM@templatesizebox=\box52
) (/opt/homebrew/Cellar/texlive/20230313_2/share/texmf-dist/tex/latex/tools/enumerate.sty
Package: enumerate 2015/07/23 v3.00 enumerate extensions (DPC)
\@enLab=\toks20
) (/opt/homebrew/Cellar/texlive/20230313_2/share/texmf-dist/tex/latex/geometry/geometry.sty
Package: geometry 2020/01/02 v5.9 Page Geometry
 (/opt/homebrew/Cellar/texlive/20230313_2/share/texmf-dist/tex/generic/iftex/ifvtex.sty
Package: ifvtex 2019/10/25 v1.7 ifvtex legacy package. Use iftex instead.
 (/opt/homebrew/Cellar/texlive/20230313_2/share/texmf-dist/tex/generic/iftex/iftex.sty
Package: iftex 2022/02/03 v1.0f TeX engine tests
))
\Gm@cnth=\count266
\Gm@cntv=\count267
\c@Gm@tempcnt=\count268
\Gm@bindingoffset=\dimen150
\Gm@wd@mp=\dimen151
\Gm@odd@mp=\dimen152
\Gm@even@mp=\dimen153
\Gm@layoutwidth=\dimen154
\Gm@layoutheight=\dimen155
\Gm@layouthoffset=\dimen156
\Gm@layoutvoffset=\dimen157
\Gm@dimlist=\toks21
) (/opt/homebrew/Cellar/texlive/20230313_2/share/texmf-dist/tex/latex/l3backend/l3backend-pdftex.def
File: l3backend-pdftex.def 2023-01-16 L3 backend support: PDF output (pdfTeX)
\l__color_backend_stack_int=\count269
\l__pdf_internal_box=\box53
) (./hwk01.aux)
\openout1 = `hwk01.aux'.

LaTeX Font Info:    Checking defaults for OML/cmm/m/it on input line 11.
LaTeX Font Info:    ... okay on input line 11.
LaTeX Font Info:    Checking defaults for OMS/cmsy/m/n on input line 11.
LaTeX Font Info:    ... okay on input line 11.
LaTeX Font Info:    Checking defaults for OT1/cmr/m/n on input line 11.
LaTeX Font Info:    ... okay on input line 11.
LaTeX Font Info:    Checking defaults for T1/cmr/m/n on input line 11.
LaTeX Font Info:    ... okay on input line 11.
LaTeX Font Info:    Checking defaults for TS1/cmr/m/n on input line 11.
LaTeX Font Info:    ... okay on input line 11.
LaTeX Font Info:    Checking defaults for OMX/cmex/m/n on input line 11.
LaTeX Font Info:    ... okay on input line 11.
LaTeX Font Info:    Checking defaults for U/cmr/m/n on input line 11.
LaTeX Font Info:    ... okay on input line 11.
 (/opt/homebrew/Cellar/texlive/20230313_2/share/texmf-dist/tex/context/base/mkii/supp-pdf.mkii
[Loading MPS to PDF converter (version 2006.09.02).]
\scratchcounter=\count270
\scratchdimen=\dimen158
\scratchbox=\box54
\nofMPsegments=\count271
\nofMParguments=\count272
\everyMPshowfont=\toks22
\MPscratchCnt=\count273
\MPscratchDim=\dimen159
\MPnumerator=\count274
\makeMPintoPDFobject=\count275
\everyMPtoPDFconversion=\toks23
) (/opt/homebrew/Cellar/texlive/20230313_2/share/texmf-dist/tex/latex/epstopdf-pkg/epstopdf-base.sty
Package: epstopdf-base 2020-01-24 v2.11 Base part for package epstopdf
Package epstopdf-base Info: Redefining graphics rule for `.eps' on input line 485.
 (/opt/homebrew/Cellar/texlive/20230313_2/share/texmf-dist/tex/latex/latexconfig/epstopdf-sys.cfg
File: epstopdf-sys.cfg 2010/07/13 v1.3 Configuration of (r)epstopdf for TeX Live
)) (/opt/homebrew/Cellar/texlive/20230313_2/share/texmf-dist/tex/latex/pdflscape/pdflscape.sty
Package: pdflscape 2022-10-27 v0.13 Display of landscape pages in PDF
 (/opt/homebrew/Cellar/texlive/20230313_2/share/texmf-dist/tex/latex/pdflscape/pdflscape-nometadata.sty
Package: pdflscape-nometadata 2022-10-28 v0.13 Display of landscape pages in PDF (HO)
 (/opt/homebrew/Cellar/texlive/20230313_2/share/texmf-dist/tex/latex/graphics/lscape.sty
Package: lscape 2020/05/28 v3.02 Landscape Pages (DPC)
)
Package pdflscape Info: Auto-detected driver: pdftex on input line 81.
))
*geometry* driver: auto-detecting
*geometry* detected driver: pdftex
*geometry* verbose mode - [ preamble ] result:
* driver: pdftex
* paper: a4paper
* layout: <same size as paper>
* layoutoffset:(h,v)=(0.0pt,0.0pt)
* modes: 
* h-part:(L,W,R)=(81.94394pt, 433.62pt, 81.94394pt)
* v-part:(T,H,B)=(106.75473pt, 578.15999pt, 160.13213pt)
* \paperwidth=597.50787pt
* \paperheight=845.04684pt
* \textwidth=433.62pt
* \textheight=578.15999pt
* \oddsidemargin=9.67395pt
* \evensidemargin=9.67395pt
* \topmargin=-2.51526pt
* \headheight=12.0pt
* \headsep=25.0pt
* \topskip=10.0pt
* \footskip=30.0pt
* \marginparwidth=65.0pt
* \marginparsep=11.0pt
* \columnsep=10.0pt
* \skip\footins=9.0pt plus 4.0pt minus 2.0pt
* \hoffset=0.0pt
* \voffset=0.0pt
* \mag=1000
* \@twocolumnfalse
* \@twosidefalse
* \@mparswitchfalse
* \@reversemarginfalse
* (1in=72.27pt=25.4mm, 1cm=28.453pt)

LaTeX Font Info:    External font `cmex10' loaded for size
(Font)              <12> on input line 13.
LaTeX Font Info:    External font `cmex10' loaded for size
(Font)              <8> on input line 13.
LaTeX Font Info:    External font `cmex10' loaded for size
(Font)              <6> on input line 13.
[1

{/opt/homebrew/Cellar/texlive/20230313_2/share/texmf-dist/fonts/map/pdftex/updmap/pdftex.map}]
LaTeX Font Info:    External font `cmex10' loaded for size
(Font)              <7> on input line 26.
LaTeX Font Info:    External font `cmex10' loaded for size
(Font)              <5> on input line 26.
 [1] [2]
<images//q3a.png, id=21, 1039.885pt x 917.4275pt>
File: images//q3a.png Graphic file (type png)
<use images//q3a.png>
Package pdftex.def Info: images//q3a.png  used on input line 61.
(pdftex.def)             Requested size: 311.96791pt x 275.23038pt.
<images//q3a_plot.png, id=23, 708.6475pt x 523.9575pt>
File: images//q3a_plot.png Graphic file (type png)
<use images//q3a_plot.png>
Package pdftex.def Info: images//q3a_plot.png  used on input line 63.
(pdftex.def)             Requested size: 212.59589pt x 157.18846pt.
 [3 <./images//q3a.png> <./images//q3a_plot.png>]
<images//q3d.png, id=30, 1023.825pt x 753.81625pt>
File: images//q3d.png Graphic file (type png)
<use images//q3d.png>
Package pdftex.def Info: images//q3d.png  used on input line 96.
(pdftex.def)             Requested size: 358.34412pt x 263.83965pt.
 [4 <./images//q3d.png>]
<images//q4.png, id=35, 1011.78pt x 619.31375pt>
File: images//q4.png Graphic file (type png)
<use images//q4.png>
Package pdftex.def Info: images//q4.png  used on input line 103.
(pdftex.def)             Requested size: 404.70483pt x 247.72112pt.
<images//q4_plot1.png, id=37, 695.59875pt x 562.1pt>
File: images//q4_plot1.png Graphic file (type png)
<use images//q4_plot1.png>
Package pdftex.def Info: images//q4_plot1.png  used on input line 105.
(pdftex.def)             Requested size: 208.68123pt x 168.6313pt.
<images//q4_plot2.png, id=39, 680.5425pt x 560.0925pt>
File: images//q4_plot2.png Graphic file (type png)
<use images//q4_plot2.png>
Package pdftex.def Info: images//q4_plot2.png  used on input line 106.
(pdftex.def)             Requested size: 204.16432pt x 168.02904pt.
 [5 <./images//q4.png> <./images//q4_plot1.png> <./images//q4_plot2.png>]
<images//q5a.png, id=50, 1193.45876pt x 1131.22626pt>
File: images//q5a.png Graphic file (type png)
<use images//q5a.png>
Package pdftex.def Info: images//q5a.png  used on input line 121.
(pdftex.def)             Requested size: 417.71683pt x 395.93512pt.
 [6 <./images//q5a.png>]
<images//q5b.png, id=56, 1021.8175pt x 752.8125pt>
File: images//q5b.png Graphic file (type png)
<use images//q5b.png>
Package pdftex.def Info: images//q5b.png  used on input line 130.
(pdftex.def)             Requested size: 357.64148pt x 263.48831pt.
 [7 <./images//q5b.png>]
Underfull \hbox (badness 10000) in paragraph at lines 154--156

 []


Underfull \hbox (badness 10000) in paragraph at lines 157--159

 []


Underfull \hbox (badness 10000) in paragraph at lines 160--162

 []

[8] (./hwk01.aux) ) 
Here is how much of TeX's memory you used:
 3382 strings out of 476025
 56626 string characters out of 5779036
 1857388 words of memory out of 5000000
 23809 multiletter control sequences out of 15000+600000
 516402 words of font info for 46 fonts, out of 8000000 for 9000
 1141 hyphenation exceptions out of 8191
 72i,6n,76p,543b,372s stack positions out of 10000i,1000n,20000p,200000b,200000s
</opt/homebrew/Cellar/texlive/20230313_2/share/texmf-dist/fonts/type1/public/amsfonts/cm/cmbx12.pfb></opt/homebrew/Cellar/texlive/20230313_2/share/texmf-dist/fonts/type1/public/amsfonts/cm/cmex10.pfb></opt/homebrew/Cellar/texlive/20230313_2/share/texmf-dist/fonts/type1/public/amsfonts/cm/cmmi10.pfb></opt/homebrew/Cellar/texlive/20230313_2/share/texmf-dist/fonts/type1/public/amsfonts/cm/cmmi7.pfb></opt/homebrew/Cellar/texlive/20230313_2/share/texmf-dist/fonts/type1/public/amsfonts/cm/cmr10.pfb></opt/homebrew/Cellar/texlive/20230313_2/share/texmf-dist/fonts/type1/public/amsfonts/cm/cmr12.pfb></opt/homebrew/Cellar/texlive/20230313_2/share/texmf-dist/fonts/type1/public/amsfonts/cm/cmr17.pfb></opt/homebrew/Cellar/texlive/20230313_2/share/texmf-dist/fonts/type1/public/amsfonts/cm/cmr7.pfb></opt/homebrew/Cellar/texlive/20230313_2/share/texmf-dist/fonts/type1/public/amsfonts/cm/cmsy10.pfb></opt/homebrew/Cellar/texlive/20230313_2/share/texmf-dist/fonts/type1/public/amsfonts/cm/cmtt10.pfb>
Output written on hwk01.pdf (9 pages, 1483982 bytes).
PDF statistics:
 107 PDF objects out of 1000 (max. 8388607)
 56 compressed objects within 1 object stream
 0 named destinations out of 1000 (max. 500000)
 59 words of extra memory for PDF output out of 10000 (max. 10000000)

